

***********************************WITH GEOMETRICAL MEAN********************************************
Wed Jul 31 10:05:15 2024


FIT:    data read from 'results_stab_T8_LAM1.0_N10000.txt' u 1:(1.0-$3)
        format = x:z
        x range restricted to [0.0180500 : 0.0225000]
        #datapoints = 11
        residuals are weighted equally (unit weight)

function used for fitting: a_q*(x**2)+b_q*x+c_q
fitted parameters initialized with current variable values

iter      chisq       delta/lim  lambda   a_q           b_q           c_q          
   0 1.0657387967e-04   0.00e+00  2.30e+00   -2.652221e+03   1.710321e+02  -1.930083e+00
   6 7.5949963324e-05  -1.29e-05  2.30e-06   -3.440574e+03   2.014567e+02  -2.222977e+00

After 6 iterations the fit converged.
final sum of squares of residuals : 7.595e-05
rel. change during last iteration : -1.28873e-10

degrees of freedom    (FIT_NDF)                        : 8
rms of residuals      (FIT_STDFIT) = sqrt(WSSR/ndf)    : 0.00308119
variance of residuals (reduced chisquare) = WSSR/ndf   : 9.49375e-06

Final set of parameters            Asymptotic Standard Error
=======================            ==========================
a_q             = -3440.57         +/- 662.6        (19.26%)
b_q             = 201.457          +/- 26.36        (13.09%)
c_q             = -2.22298         +/- 0.2613       (11.76%)

correlation matrix of the fit parameters:
                a_q    b_q    c_q    
a_q             1.000 
b_q            -1.000  1.000 
c_q             0.998 -1.000  1.000 


***************************************WITH LIN FIT LOG DELTA****************************************
Wed Jul 31 10:05:29 2024


FIT:    data read from 'results_stab_T8_LAM1.0_N10000.txt' u 1:(1.0-$4)
        format = x:z
        x range restricted to [0.0180500 : 0.0225000]
        #datapoints = 11
        residuals are weighted equally (unit weight)

function used for fitting: a_q*(x**2)+b_q*x+c_q
fitted parameters initialized with current variable values

iter      chisq       delta/lim  lambda   a_q           b_q           c_q          
   0 5.1186348669e-05   0.00e+00  2.72e+00   -3.440574e+03   2.014567e+02  -2.222977e+00
   6 7.0345303040e-06  -7.50e-05  2.72e-06   -4.150471e+03   2.291141e+02  -2.489720e+00

After 6 iterations the fit converged.
final sum of squares of residuals : 7.03453e-06
rel. change during last iteration : -7.49505e-10

degrees of freedom    (FIT_NDF)                        : 8
rms of residuals      (FIT_STDFIT) = sqrt(WSSR/ndf)    : 0.000937719
variance of residuals (reduced chisquare) = WSSR/ndf   : 8.79316e-07

Final set of parameters            Asymptotic Standard Error
=======================            ==========================
a_q             = -4150.47         +/- 201.7        (4.859%)
b_q             = 229.114          +/- 8.023        (3.502%)
c_q             = -2.48972         +/- 0.07954      (3.195%)

correlation matrix of the fit parameters:
                a_q    b_q    c_q    
a_q             1.000 
b_q            -1.000  1.000 
c_q             0.998 -1.000  1.000 
