

**********************************WITH GEOMETRICAL MEAN*********************************************
Wed Jul 31 09:53:57 2024


FIT:    data read from 'results_stab_T8_LAM1.0_N10000.txt' u 1:(1.0-$3)**2
        format = x:z
        x range restricted to [0.0180500 : 0.0225000]
        #datapoints = 11
        residuals are weighted equally (unit weight)

function used for fitting: a_s*(x-c_s)
fitted parameters initialized with current variable values

iter      chisq       delta/lim  lambda   a_s           c_s          
   0 1.4338442661e+01   0.00e+00  9.90e-01    1.000000e+00   1.000000e+00
 199 8.9475980171e-05  -3.77e-08  9.90e-08    5.330796e+01   1.650018e-02

After 199 iterations the fit converged.
final sum of squares of residuals : 8.9476e-05
rel. change during last iteration : -3.76543e-13

degrees of freedom    (FIT_NDF)                        : 9
rms of residuals      (FIT_STDFIT) = sqrt(WSSR/ndf)    : 0.00315306
variance of residuals (reduced chisquare) = WSSR/ndf   : 9.94178e-06

Final set of parameters            Asymptotic Standard Error
=======================            ==========================
a_s             = 53.308           +/- 0.7836       (1.47%)
c_s             = 0.0165002        +/- 4.744e-05    (0.2875%)

correlation matrix of the fit parameters:
                a_s    c_s    
a_s             1.000 
c_s             0.927  1.000 



**********************************WITH LIN FIT LOG DELTA*********************************************
Wed Jul 31 09:56:23 2024


FIT:    data read from 'results_stab_T8_LAM1.0_N10000.txt' u 1:(1.0-$4)**2
        format = x:z
        x range restricted to [0.0180500 : 0.0225000]
        #datapoints = 11
        residuals are weighted equally (unit weight)

function used for fitting: a_s*(x-c_s)
fitted parameters initialized with current variable values

iter      chisq       delta/lim  lambda   a_s           c_s          
   0 1.4366386876e+01   0.00e+00  9.90e-01    1.000000e+00   1.000000e+00
 200 7.9712803453e-06  -4.21e-07  9.90e-08    5.288835e+01   1.645480e-02

After 200 iterations the fit converged.
final sum of squares of residuals : 7.97128e-06
rel. change during last iteration : -4.20792e-12

degrees of freedom    (FIT_NDF)                        : 9
rms of residuals      (FIT_STDFIT) = sqrt(WSSR/ndf)    : 0.000941115
variance of residuals (reduced chisquare) = WSSR/ndf   : 8.85698e-07

Final set of parameters            Asymptotic Standard Error
=======================            ==========================
a_s             = 52.8883          +/- 0.2339       (0.4423%)
c_s             = 0.0164548        +/- 1.446e-05    (0.08787%)

correlation matrix of the fit parameters:
                a_s    c_s    
a_s             1.000 
c_s             0.929  1.000 
